TN:
SF:contracts/FactoryProxy.sol
FN:13,FactoryProxy._delegate
FNDA:5,FactoryProxy._delegate
FN:39,FactoryProxy._implementation
FNDA:5,FactoryProxy._implementation
DA:40,5
FN:47,FactoryProxy.
FNDA:5,FactoryProxy.
DA:48,5
FNF:3
FNH:3
LF:2
LH:2
BRF:0
BRH:0
end_of_record
TN:
SF:contracts/FrensArt.sol
FN:21,FrensArt.renderTokenById
FNDA:0,FrensArt.renderTokenById
DA:22,0
DA:23,0
DA:24,0
DA:25,0
DA:26,0
DA:30,0
DA:32,0
DA:61,0
FNF:1
FNH:0
LF:8
LH:0
BRF:0
BRH:0
end_of_record
TN:
SF:contracts/FrensBase.sol
FN:96,FrensBase.getContractAddress
FNDA:0,FrensBase.getContractAddress
DA:98,0
DA:100,0
BRDA:100,0,0,-
BRDA:100,0,1,-
DA:102,0
FN:107,FrensBase.getContractAddressUnsafe
FNDA:0,FrensBase.getContractAddressUnsafe
DA:109,0
DA:111,0
FN:116,FrensBase.getContractName
FNDA:0,FrensBase.getContractName
DA:118,0
DA:120,0
BRDA:120,1,0,-
BRDA:120,1,1,-
DA:122,0
FN:126,FrensBase.getRevertMsg
FNDA:0,FrensBase.getRevertMsg
DA:128,0
BRDA:128,2,0,-
BRDA:128,2,1,-
DA:131,0
DA:133,0
FN:143,FrensBase.getAddress
FNDA:13399,FrensBase.getAddress
DA:143,13399
FN:144,FrensBase.getUint
FNDA:23595,FrensBase.getUint
DA:144,23595
FN:145,FrensBase.getString
FNDA:6,FrensBase.getString
DA:145,6
FN:146,FrensBase.getBytes
FNDA:2926,FrensBase.getBytes
DA:146,2926
FN:147,FrensBase.getBool
FNDA:23719,FrensBase.getBool
DA:147,23719
FN:148,FrensBase.getInt
FNDA:0,FrensBase.getInt
DA:148,0
FN:149,FrensBase.getBytes32
FNDA:975,FrensBase.getBytes32
DA:149,975
FN:150,FrensBase.getArray
FNDA:1110,FrensBase.getArray
DA:150,1110
FN:153,FrensBase.setAddress
FNDA:5051,FrensBase.setAddress
DA:153,5051
FN:154,FrensBase.setUint
FNDA:6515,FrensBase.setUint
DA:154,6515
FN:155,FrensBase.setString
FNDA:24,FrensBase.setString
DA:155,24
FN:156,FrensBase.setBytes
FNDA:5286,FrensBase.setBytes
DA:156,5286
FN:157,FrensBase.setBool
FNDA:6813,FrensBase.setBool
DA:157,6813
FN:158,FrensBase.setInt
FNDA:0,FrensBase.setInt
DA:158,0
FN:159,FrensBase.setBytes32
FNDA:1762,FrensBase.setBytes32
DA:159,1762
FN:160,FrensBase.setArray
FNDA:0,FrensBase.setArray
DA:160,0
FN:163,FrensBase.deleteAddress
FNDA:1,FrensBase.deleteAddress
DA:163,1
FN:164,FrensBase.deleteUint
FNDA:0,FrensBase.deleteUint
DA:164,0
FN:165,FrensBase.deleteString
FNDA:1,FrensBase.deleteString
DA:165,1
FN:166,FrensBase.deleteBytes
FNDA:0,FrensBase.deleteBytes
DA:166,0
FN:167,FrensBase.deleteBool
FNDA:0,FrensBase.deleteBool
DA:167,0
FN:168,FrensBase.deleteInt
FNDA:0,FrensBase.deleteInt
DA:168,0
FN:169,FrensBase.deleteBytes32
FNDA:0,FrensBase.deleteBytes32
DA:169,0
FN:170,FrensBase.deleteArray
FNDA:0,FrensBase.deleteArray
DA:170,0
FN:173,FrensBase.addUint
FNDA:12920,FrensBase.addUint
DA:173,12920
FN:174,FrensBase.subUint
FNDA:368,FrensBase.subUint
DA:174,368
FN:175,FrensBase.pushUint
FNDA:5027,FrensBase.pushUint
DA:175,5027
FNF:31
FNH:18
LF:38
LH:18
BRF:6
BRH:0
end_of_record
TN:
SF:contracts/FrensClaim.sol
FN:14,FrensClaim.claim
FNDA:1299,FrensClaim.claim
DA:15,1488
DA:16,1488
DA:17,1488
FN:20,FrensClaim.claim
FNDA:189,FrensClaim.claim
DA:21,189
FN:28,FrensClaim.
FNDA:0,FrensClaim.
FNF:3
FNH:2
LF:4
LH:4
BRF:0
BRH:0
end_of_record
TN:
SF:contracts/FrensInitialiser.sol
FN:12,FrensInitialiser.setContractExists
FNDA:14,FrensInitialiser.setContractExists
DA:13,13
FN:16,FrensInitialiser.setContract
FNDA:10,FrensInitialiser.setContract
DA:17,10
DA:18,10
FN:21,FrensInitialiser.deleteContract
FNDA:1,FrensInitialiser.deleteContract
DA:22,1
DA:23,1
DA:24,1
FN:27,FrensInitialiser.setExternalContract
FNDA:3,FrensInitialiser.setExternalContract
DA:28,3
DA:29,3
FN:32,FrensInitialiser.allowExternalContract
FNDA:0,FrensInitialiser.allowExternalContract
DA:33,0
FN:36,FrensInitialiser.disAllowExternalContract
FNDA:0,FrensInitialiser.disAllowExternalContract
DA:37,0
FNF:6
FNH:4
LF:10
LH:8
BRF:0
BRH:0
end_of_record
TN:
SF:contracts/FrensManager.sol
FN:13,FrensManager.setContract
FNDA:8,FrensManager.setContract
DA:14,8
DA:15,8
DA:16,8
DA:17,8
FN:21,FrensManager.deleteContract
FNDA:0,FrensManager.deleteContract
DA:22,0
DA:23,0
DA:24,0
DA:25,0
FN:28,FrensManager.setExternalContract
FNDA:3,FrensManager.setExternalContract
DA:29,3
DA:30,3
FN:33,FrensManager.allowExternalContract
FNDA:0,FrensManager.allowExternalContract
DA:34,0
FN:37,FrensManager.disAllowExternalContract
FNDA:0,FrensManager.disAllowExternalContract
DA:38,0
FN:41,FrensManager.requireNotExist
FNDA:0,FrensManager.requireNotExist
DA:42,8
BRDA:42,0,0,-
BRDA:42,0,1,8
FNF:6
FNH:2
LF:13
LH:7
BRF:2
BRH:1
end_of_record
TN:
SF:contracts/FrensMetaHelper.sol
FN:23,FrensMetaHelper.getColor
FNDA:0,FrensMetaHelper.getColor
DA:24,0
DA:25,0
DA:26,0
DA:27,0
FN:30,FrensMetaHelper.getDepositStringForId
FNDA:0,FrensMetaHelper.getDepositStringForId
DA:31,0
DA:32,0
DA:33,0
DA:34,0
BRDA:34,0,0,-
BRDA:34,0,1,-
DA:35,0
DA:36,0
FN:39,FrensMetaHelper.getEthDecimalString
FNDA:0,FrensMetaHelper.getEthDecimalString
DA:40,0
DA:41,0
DA:42,0
DA:44,0
BRDA:44,1,0,-
BRDA:44,1,1,-
DA:45,0
BRDA:45,2,0,-
BRDA:45,2,1,-
DA:46,0
FN:49,FrensMetaHelper.getOperatorsForPool
FNDA:0,FrensMetaHelper.getOperatorsForPool
DA:50,0
DA:51,0
DA:53,0
DA:54,0
FN:57,FrensMetaHelper._iToHex
FNDA:0,FrensMetaHelper._iToHex
DA:59,0
DA:60,0
DA:61,0
DA:62,0
DA:63,0
DA:65,0
FN:68,FrensMetaHelper.getEns
FNDA:0,FrensMetaHelper.getEns
DA:69,0
DA:70,0
DA:71,0
DA:72,0
BRDA:72,3,0,-
BRDA:72,3,1,-
DA:73,0
DA:74,0
FN:77,FrensMetaHelper._node
FNDA:0,FrensMetaHelper._node
DA:78,0
DA:79,0
FN:82,FrensMetaHelper.sha3HexAddress
FNDA:0,FrensMetaHelper.sha3HexAddress
DA:97,0
FNF:8
FNH:0
LF:35
LH:0
BRF:8
BRH:0
end_of_record
TN:
SF:contracts/FrensPoolSetter.sol
FN:12,FrensPoolSetter.create
FNDA:6,FrensPoolSetter.create
DA:13,6
DA:14,6
BRDA:14,0,0,1
BRDA:14,0,1,5
DA:15,5
DA:16,5
DA:20,5
FN:23,FrensPoolSetter.depositToPool
FNDA:5027,FrensPoolSetter.depositToPool
DA:24,5027
DA:25,5027
DA:26,5027
DA:27,5027
DA:28,5027
DA:29,5027
DA:30,5027
DA:31,5027
DA:32,5027
FN:35,FrensPoolSetter.addToDeposit
FNDA:689,FrensPoolSetter.addToDeposit
DA:36,689
DA:37,689
DA:38,689
FN:41,FrensPoolSetter.setPubKey
FNDA:1762,FrensPoolSetter.setPubKey
DA:47,1762
DA:48,1762
DA:49,1762
DA:50,1762
DA:51,1762
DA:52,1762
FN:55,FrensPoolSetter.withdraw
FNDA:184,FrensPoolSetter.withdraw
DA:56,184
DA:57,184
DA:58,184
FN:61,FrensPoolSetter.distribute
FNDA:1488,FrensPoolSetter.distribute
DA:62,1488
DA:63,1488
FN:66,FrensPoolSetter.setArt
FNDA:0,FrensPoolSetter.setArt
DA:67,0
DA:68,0
FN:71,FrensPoolSetter.rageQuit
FNDA:0,FrensPoolSetter.rageQuit
DA:72,0
DA:73,0
DA:74,0
DA:75,0
FN:78,FrensPoolSetter.unlockTransfer
FNDA:0,FrensPoolSetter.unlockTransfer
DA:79,0
DA:80,0
FNF:9
FNH:6
LF:36
LH:28
BRF:2
BRH:2
end_of_record
TN:
SF:contracts/FrensPoolShare.sol
FN:20,FrensPoolShare.mint
FNDA:5028,FrensPoolShare.mint
DA:21,5027
DA:22,5027
FN:25,FrensPoolShare.exists
FNDA:1696,FrensPoolShare.exists
DA:26,1696
FN:29,FrensPoolShare.getPoolById
FNDA:255,FrensPoolShare.getPoolById
DA:30,255
FN:33,FrensPoolShare.tokenURI
FNDA:0,FrensPoolShare.tokenURI
DA:34,0
DA:35,0
FN:38,FrensPoolShare.renderTokenById
FNDA:0,FrensPoolShare.renderTokenById
DA:39,0
DA:40,0
DA:41,0
DA:42,0
BRDA:42,0,0,-
BRDA:42,0,1,-
DA:43,0
DA:45,0
DA:47,0
FN:50,FrensPoolShare._beforeTokenTransfer
FNDA:5031,FrensPoolShare._beforeTokenTransfer
DA:51,5031
DA:52,5031
BRDA:52,1,0,-
BRDA:52,1,1,4
DA:53,4
BRDA:53,2,0,-
BRDA:53,2,1,4
FNF:6
FNH:4
LF:16
LH:7
BRF:6
BRH:2
end_of_record
TN:
SF:contracts/FrensPoolShareTokenURI.sol
FN:26,FrensPoolShareTokenURI.tokenURI
FNDA:0,FrensPoolShareTokenURI.tokenURI
DA:27,0
BRDA:27,0,0,-
BRDA:27,0,1,-
DA:28,0
DA:29,0
DA:30,0
DA:31,0
DA:32,0
DA:33,0
DA:34,0
DA:35,0
DA:36,0
DA:37,0
DA:38,0
DA:86,0
FN:89,FrensPoolShareTokenURI.generateSVGofTokenById
FNDA:0,FrensPoolShareTokenURI.generateSVGofTokenById
DA:90,0
DA:91,0
DA:92,0
BRDA:92,1,0,-
BRDA:92,1,1,-
DA:93,0
DA:95,0
DA:97,0
DA:103,0
FNF:2
FNH:0
LF:20
LH:0
BRF:4
BRH:0
end_of_record
TN:
SF:contracts/FrensStorage.sol
FN:61,FrensStorage.getGuardian
FNDA:39,FrensStorage.getGuardian
DA:62,39
FN:66,FrensStorage.setGuardian
FNDA:0,FrensStorage.setGuardian
DA:68,0
BRDA:68,0,0,-
BRDA:68,0,1,-
DA:70,0
FN:74,FrensStorage.confirmGuardian
FNDA:0,FrensStorage.confirmGuardian
DA:76,0
BRDA:76,1,0,-
BRDA:76,1,1,-
DA:78,0
DA:80,0
DA:81,0
DA:83,0
FN:87,FrensStorage.getDeployedStatus
FNDA:0,FrensStorage.getDeployedStatus
DA:88,0
FN:92,FrensStorage.setDeployedStatus
FNDA:2,FrensStorage.setDeployedStatus
DA:94,2
BRDA:94,2,0,-
BRDA:94,2,1,2
DA:96,2
FN:152,FrensStorage.getAddress
FNDA:13411,FrensStorage.getAddress
DA:153,13411
FN:157,FrensStorage.getUint
FNDA:23595,FrensStorage.getUint
DA:158,23595
FN:162,FrensStorage.getString
FNDA:6,FrensStorage.getString
DA:163,6
FN:167,FrensStorage.getBytes
FNDA:2926,FrensStorage.getBytes
DA:168,2926
FN:172,FrensStorage.getBool
FNDA:23719,FrensStorage.getBool
DA:173,23719
FN:177,FrensStorage.getInt
FNDA:0,FrensStorage.getInt
DA:178,0
FN:182,FrensStorage.getBytes32
FNDA:975,FrensStorage.getBytes32
DA:183,975
FN:187,FrensStorage.getArray
FNDA:1110,FrensStorage.getArray
DA:188,1110
FN:193,FrensStorage.setAddress
FNDA:5051,FrensStorage.setAddress
DA:194,5051
FN:198,FrensStorage.setUint
FNDA:6515,FrensStorage.setUint
DA:199,6515
FN:203,FrensStorage.setString
FNDA:24,FrensStorage.setString
DA:204,24
FN:208,FrensStorage.setBytes
FNDA:5286,FrensStorage.setBytes
DA:209,5286
FN:213,FrensStorage.setBool
FNDA:6813,FrensStorage.setBool
DA:214,6813
FN:218,FrensStorage.setInt
FNDA:0,FrensStorage.setInt
DA:219,0
FN:223,FrensStorage.setBytes32
FNDA:1762,FrensStorage.setBytes32
DA:224,1762
FN:228,FrensStorage.setArray
FNDA:0,FrensStorage.setArray
DA:229,0
FN:234,FrensStorage.deleteAddress
FNDA:1,FrensStorage.deleteAddress
DA:235,1
FN:239,FrensStorage.deleteUint
FNDA:0,FrensStorage.deleteUint
DA:240,0
FN:244,FrensStorage.deleteString
FNDA:1,FrensStorage.deleteString
DA:245,1
FN:249,FrensStorage.deleteBytes
FNDA:0,FrensStorage.deleteBytes
DA:250,0
FN:254,FrensStorage.deleteBool
FNDA:0,FrensStorage.deleteBool
DA:255,0
FN:259,FrensStorage.deleteInt
FNDA:0,FrensStorage.deleteInt
DA:260,0
FN:264,FrensStorage.deleteBytes32
FNDA:0,FrensStorage.deleteBytes32
DA:265,0
FN:269,FrensStorage.deleteArray
FNDA:0,FrensStorage.deleteArray
DA:270,0
FN:276,FrensStorage.addUint
FNDA:12920,FrensStorage.addUint
DA:277,12920
FN:282,FrensStorage.subUint
FNDA:368,FrensStorage.subUint
DA:283,368
FN:288,FrensStorage.pushUint
FNDA:5027,FrensStorage.pushUint
DA:289,5027
FNF:32
FNH:20
LF:38
LH:21
BRF:6
BRH:1
end_of_record
TN:
SF:contracts/StakingPool.sol
FN:46,StakingPool.depositToPool
FNDA:5640,StakingPool.depositToPool
DA:47,5640
BRDA:47,0,0,258
BRDA:47,0,1,5382
DA:48,5382
BRDA:48,1,0,142
BRDA:48,1,1,5240
DA:49,5240
BRDA:49,2,0,213
BRDA:49,2,1,5027
DA:50,5027
DA:51,5027
DA:52,5027
BRDA:52,3,0,-
BRDA:52,3,1,5027
DA:53,5027
DA:54,5027
FN:57,StakingPool.addToDeposit
FNDA:1188,StakingPool.addToDeposit
DA:58,1188
BRDA:58,4,0,231
BRDA:58,4,1,957
DA:59,957
BRDA:59,5,0,228
BRDA:59,5,1,729
DA:60,729
BRDA:60,6,0,1
BRDA:60,6,1,728
DA:61,728
BRDA:61,7,0,39
BRDA:61,7,1,689
DA:62,689
DA:63,689
DA:64,689
BRDA:64,8,0,-
BRDA:64,8,1,689
FN:67,StakingPool.stake
FNDA:736,StakingPool.stake
DA:74,736
BRDA:74,9,0,1
BRDA:74,9,1,-
DA:75,1
DA:76,1
BRDA:76,10,0,1
BRDA:76,10,1,-
DA:78,735
DA:85,734
FN:88,StakingPool.stake
FNDA:242,StakingPool.stake
DA:89,976
BRDA:89,11,0,1
BRDA:89,11,1,975
DA:90,975
BRDA:90,12,0,-
BRDA:90,12,1,975
DA:91,975
BRDA:91,13,0,-
BRDA:91,13,1,975
DA:92,975
DA:93,975
DA:94,975
DA:95,975
DA:96,975
DA:97,975
DA:98,975
DA:99,975
DA:100,975
FN:103,StakingPool.setPubKey
FNDA:1031,StakingPool.setPubKey
DA:109,1031
FN:112,StakingPool._setPubKey
FNDA:1766,StakingPool._setPubKey
DA:119,1766
DA:121,1766
BRDA:121,14,0,3
BRDA:121,14,1,1763
DA:122,1763
BRDA:122,15,0,-
BRDA:122,15,1,1026
DA:123,1027
BRDA:123,16,0,1
BRDA:123,16,1,1026
DA:124,1026
BRDA:124,17,0,-
BRDA:124,17,1,1026
DA:125,1026
DA:127,1762
BRDA:127,18,0,-
BRDA:127,18,1,1762
DA:128,1762
DA:129,1762
DA:130,1762
BRDA:130,19,0,-
BRDA:130,19,1,1762
FN:152,StakingPool.withdraw
FNDA:390,StakingPool.withdraw
DA:153,390
BRDA:153,20,0,-
BRDA:153,20,1,390
DA:154,390
BRDA:154,21,0,-
BRDA:154,21,1,390
DA:155,390
BRDA:155,22,0,206
BRDA:155,22,1,184
DA:156,184
DA:157,184
DA:158,184
BRDA:158,23,0,-
BRDA:158,23,1,184
DA:159,184
FN:165,StakingPool.distribute
FNDA:435,StakingPool.distribute
DA:166,1528
BRDA:166,24,0,556
BRDA:166,24,1,972
DA:167,972
FN:170,StakingPool._distribute
FNDA:972,StakingPool._distribute
DA:171,972
DA:172,972
BRDA:172,25,0,228
BRDA:172,25,1,744
DA:173,744
DA:174,744
DA:175,744
DA:176,1488
DA:177,1488
DA:178,1488
DA:179,1488
DA:180,1488
DA:181,1488
BRDA:181,26,0,-
BRDA:181,26,1,1488
DA:183,744
FN:187,StakingPool.claim
FNDA:189,StakingPool.claim
DA:188,189
FN:191,StakingPool.claim
FNDA:189,StakingPool.claim
DA:192,1299
DA:193,1299
FN:196,StakingPool.distributeAndClaim
FNDA:434,StakingPool.distributeAndClaim
DA:197,434
DA:198,189
FN:201,StakingPool.distributeAndClaimAll
FNDA:659,StakingPool.distributeAndClaimAll
DA:202,659
DA:203,366
DA:204,366
DA:205,732
DA:206,732
DA:207,732
FN:211,StakingPool.exitPool
FNDA:0,StakingPool.exitPool
DA:212,0
BRDA:212,27,0,-
BRDA:212,27,1,-
DA:213,0
DA:215,0
FN:244,StakingPool._getShare
FNDA:1488,StakingPool._getShare
DA:245,1488
DA:246,1488
DA:247,1488
BRDA:247,28,0,-
BRDA:247,28,1,1488
DA:248,1488
DA:249,1488
BRDA:249,29,0,961
BRDA:249,29,1,527
DA:250,961
DA:251,527
FN:254,StakingPool.getIdsInThisPool
FNDA:0,StakingPool.getIdsInThisPool
DA:255,1110
FN:258,StakingPool.getShare
FNDA:0,StakingPool.getShare
DA:259,0
DA:260,0
FN:263,StakingPool.getDistributableShare
FNDA:0,StakingPool.getDistributableShare
DA:264,0
BRDA:264,30,0,-
BRDA:264,30,1,-
DA:265,0
DA:267,0
FN:271,StakingPool.getPubKey
FNDA:0,StakingPool.getPubKey
DA:272,0
FN:275,StakingPool.getState
FNDA:0,StakingPool.getState
DA:276,0
BRDA:276,31,0,-
BRDA:276,31,1,-
DA:277,0
BRDA:277,32,0,-
BRDA:277,32,1,-
DA:278,0
BRDA:278,33,0,-
BRDA:278,33,1,-
DA:279,0
BRDA:279,34,0,-
BRDA:279,34,1,-
DA:280,0
FN:283,StakingPool.getDepositAmount
FNDA:2117,StakingPool.getDepositAmount
DA:284,2117
FN:287,StakingPool.getTotalDeposits
FNDA:602,StakingPool.getTotalDeposits
DA:288,602
FN:291,StakingPool.owner
FNDA:2,StakingPool.owner
DA:292,1769
FN:295,StakingPool._toWithdrawalCred
FNDA:1766,StakingPool._toWithdrawalCred
DA:296,1766
DA:297,1766
DA:298,1766
FN:303,StakingPool.setArt
FNDA:0,StakingPool.setArt
DA:304,0
DA:305,0
DA:306,0
BRDA:306,35,0,-
BRDA:306,35,1,-
DA:307,0
DA:308,0
DA:309,0
BRDA:309,36,0,-
BRDA:309,36,1,-
FN:315,StakingPool.
FNDA:0,StakingPool.
FNF:26
FNH:18
LF:109
LH:89
BRF:74
BRH:43
end_of_record
TN:
SF:contracts/StakingPoolFactory.sol
FN:21,StakingPoolFactory.create
FNDA:6,StakingPoolFactory.create
DA:28,6
DA:30,6
DA:31,6
DA:32,5
BRDA:32,0,0,-
BRDA:32,0,1,5
DA:33,5
DA:34,5
FNF:1
FNH:1
LF:6
LH:6
BRF:2
BRH:1
end_of_record
TN:
SF:contracts/ToColor.sol
FN:7,ToColor.toColor
FNDA:0,ToColor.toColor
DA:8,0
DA:9,0
DA:10,0
DA:11,0
DA:13,0
FNF:1
FNH:0
LF:5
LH:0
BRF:0
BRH:0
end_of_record
TN:
SF:test/foundry/DistributeRe-entrancyTest.t.sol
FN:100,StakingPoolTest.setUp
FNDA:0,StakingPoolTest.setUp
DA:102,0
DA:104,0
DA:106,0
DA:108,0
DA:111,0
DA:112,0
DA:113,0
DA:115,0
DA:117,0
DA:119,0
DA:121,0
DA:123,0
DA:124,0
DA:126,0
DA:128,0
DA:129,0
DA:131,0
DA:133,0
DA:134,0
DA:136,0
DA:138,0
DA:139,0
DA:141,0
DA:142,0
DA:144,0
DA:146,0
DA:147,0
DA:149,0
DA:151,0
DA:152,0
DA:155,0
DA:156,0
DA:159,0
DA:161,0
DA:166,0
DA:168,0
FN:33,Attacker.depositToPool
FNDA:0,Attacker.depositToPool
DA:34,0
DA:35,0
FN:38,Attacker.payMe
FNDA:0,Attacker.payMe
DA:39,0
FN:42,Attacker.onERC721Received
FNDA:0,Attacker.onERC721Received
DA:49,0
BRDA:49,0,0,-
BRDA:49,0,1,-
DA:50,0
BRDA:50,1,0,-
BRDA:50,1,1,-
DA:51,0
BRDA:51,2,0,-
BRDA:51,2,1,-
DA:52,0
FNF:4
FNH:0
LF:43
LH:0
BRF:6
BRH:0
end_of_record
TN:
SF:test/foundry/TestHelper.sol
FN:15,BoolGetter.getBoolFromStorage
FNDA:2,BoolGetter.getBoolFromStorage
DA:16,2
FN:22,NftReceiver.onERC721Received
FNDA:1,NftReceiver.onERC721Received
DA:29,1
BRDA:29,0,0,1
BRDA:29,0,1,-
DA:30,0
BRDA:30,1,0,-
BRDA:30,1,1,-
DA:31,0
BRDA:31,2,0,-
BRDA:31,2,1,-
DA:32,0
FNF:2
FNH:2
LF:5
LH:2
BRF:6
BRH:1
end_of_record
