TN:
SF:contracts/FactoryProxy.sol
FN:13,FactoryProxy._delegate
FNDA:5,FactoryProxy._delegate
FN:39,FactoryProxy._implementation
FNDA:5,FactoryProxy._implementation
DA:40,5
FN:47,FactoryProxy.
FNDA:5,FactoryProxy.
DA:48,5
FNF:3
FNH:3
LF:2
LH:2
BRF:0
BRH:0
end_of_record
TN:
SF:contracts/FrensArt.sol
FN:21,FrensArt.renderTokenById
FNDA:1,FrensArt.renderTokenById
DA:22,1
DA:23,1
DA:24,1
DA:25,1
DA:26,1
DA:27,1
DA:28,1
DA:29,1
DA:30,1
DA:32,1
DA:77,1
FNF:1
FNH:1
LF:11
LH:11
BRF:0
BRH:0
end_of_record
TN:
SF:contracts/FrensBase.sol
FN:96,FrensBase.getContractAddress
FNDA:0,FrensBase.getContractAddress
DA:98,0
DA:100,0
BRDA:100,0,0,-
BRDA:100,0,1,-
DA:102,0
FN:107,FrensBase.getContractAddressUnsafe
FNDA:0,FrensBase.getContractAddressUnsafe
DA:109,0
DA:111,0
FN:116,FrensBase.getContractName
FNDA:0,FrensBase.getContractName
DA:118,0
DA:120,0
BRDA:120,1,0,-
BRDA:120,1,1,-
DA:122,0
FN:126,FrensBase.getRevertMsg
FNDA:0,FrensBase.getRevertMsg
DA:128,0
BRDA:128,2,0,-
BRDA:128,2,1,-
DA:131,0
DA:133,0
FN:143,FrensBase.getAddress
FNDA:13456,FrensBase.getAddress
DA:143,13456
FN:144,FrensBase.getUint
FNDA:23648,FrensBase.getUint
DA:144,23648
FN:145,FrensBase.getString
FNDA:6,FrensBase.getString
DA:145,6
FN:146,FrensBase.getBytes
FNDA:2921,FrensBase.getBytes
DA:146,2921
FN:147,FrensBase.getBool
FNDA:18674,FrensBase.getBool
DA:147,18674
FN:148,FrensBase.getInt
FNDA:0,FrensBase.getInt
DA:148,0
FN:149,FrensBase.getBytes32
FNDA:973,FrensBase.getBytes32
DA:149,973
FN:150,FrensBase.getArray
FNDA:1133,FrensBase.getArray
DA:150,1133
FN:153,FrensBase.setAddress
FNDA:5050,FrensBase.setAddress
DA:153,5050
FN:154,FrensBase.setUint
FNDA:6550,FrensBase.setUint
DA:154,6550
FN:155,FrensBase.setString
FNDA:24,FrensBase.setString
DA:155,24
FN:156,FrensBase.setBytes
FNDA:5259,FrensBase.setBytes
DA:156,5259
FN:157,FrensBase.setBool
FNDA:1788,FrensBase.setBool
DA:157,1788
FN:158,FrensBase.setInt
FNDA:0,FrensBase.setInt
DA:158,0
FN:159,FrensBase.setBytes32
FNDA:1753,FrensBase.setBytes32
DA:159,1753
FN:160,FrensBase.setArray
FNDA:0,FrensBase.setArray
DA:160,0
FN:163,FrensBase.deleteAddress
FNDA:2,FrensBase.deleteAddress
DA:163,2
FN:164,FrensBase.deleteUint
FNDA:0,FrensBase.deleteUint
DA:164,0
FN:165,FrensBase.deleteString
FNDA:2,FrensBase.deleteString
DA:165,2
FN:166,FrensBase.deleteBytes
FNDA:0,FrensBase.deleteBytes
DA:166,0
FN:167,FrensBase.deleteBool
FNDA:0,FrensBase.deleteBool
DA:167,0
FN:168,FrensBase.deleteInt
FNDA:0,FrensBase.deleteInt
DA:168,0
FN:169,FrensBase.deleteBytes32
FNDA:0,FrensBase.deleteBytes32
DA:169,0
FN:170,FrensBase.deleteArray
FNDA:0,FrensBase.deleteArray
DA:170,0
FN:173,FrensBase.addUint
FNDA:12976,FrensBase.addUint
DA:173,12976
FN:174,FrensBase.subUint
FNDA:296,FrensBase.subUint
DA:174,296
FN:175,FrensBase.pushUint
FNDA:5026,FrensBase.pushUint
DA:175,5026
FNF:31
FNH:18
LF:38
LH:18
BRF:6
BRH:0
end_of_record
TN:
SF:contracts/FrensClaim.sol
FN:14,FrensClaim.claim
FNDA:1330,FrensClaim.claim
DA:15,1514
DA:16,1514
DA:17,1514
FN:20,FrensClaim.claim
FNDA:184,FrensClaim.claim
DA:21,184
FN:28,FrensClaim.
FNDA:0,FrensClaim.
FNF:3
FNH:2
LF:4
LH:4
BRF:0
BRH:0
end_of_record
TN:
SF:contracts/FrensInitialiser.sol
FN:12,FrensInitialiser.setContractExists
FNDA:14,FrensInitialiser.setContractExists
DA:13,13
FN:16,FrensInitialiser.setContract
FNDA:10,FrensInitialiser.setContract
DA:17,10
DA:18,10
FN:21,FrensInitialiser.deleteContract
FNDA:1,FrensInitialiser.deleteContract
DA:22,1
DA:23,1
DA:24,1
FN:27,FrensInitialiser.setExternalContract
FNDA:3,FrensInitialiser.setExternalContract
DA:28,3
DA:29,3
FN:32,FrensInitialiser.allowExternalContract
FNDA:2,FrensInitialiser.allowExternalContract
DA:33,2
FN:36,FrensInitialiser.disAllowExternalContract
FNDA:1,FrensInitialiser.disAllowExternalContract
DA:37,1
FNF:6
FNH:6
LF:10
LH:10
BRF:0
BRH:0
end_of_record
TN:
SF:contracts/FrensManager.sol
FN:13,FrensManager.setContract
FNDA:8,FrensManager.setContract
DA:14,8
DA:15,8
DA:16,8
DA:17,8
FN:21,FrensManager.deleteContract
FNDA:2,FrensManager.deleteContract
DA:22,2
DA:23,1
DA:24,1
DA:25,1
FN:28,FrensManager.setExternalContract
FNDA:3,FrensManager.setExternalContract
DA:29,3
DA:30,3
FN:33,FrensManager.allowExternalContract
FNDA:1,FrensManager.allowExternalContract
DA:34,1
FN:37,FrensManager.disAllowExternalContract
FNDA:1,FrensManager.disAllowExternalContract
DA:38,1
FN:41,FrensManager.requireNotExist
FNDA:0,FrensManager.requireNotExist
DA:42,10
BRDA:42,0,0,1
BRDA:42,0,1,9
FNF:6
FNH:5
LF:13
LH:13
BRF:2
BRH:2
end_of_record
TN:
SF:contracts/FrensMetaHelper.sol
FN:23,FrensMetaHelper.getColor
FNDA:2,FrensMetaHelper.getColor
DA:24,2
DA:25,2
DA:26,2
DA:27,2
FN:30,FrensMetaHelper.getDepositStringForId
FNDA:2,FrensMetaHelper.getDepositStringForId
DA:31,2
DA:32,2
DA:33,2
DA:34,2
BRDA:34,0,0,-
BRDA:34,0,1,2
DA:35,2
DA:36,2
FN:39,FrensMetaHelper.getEthDecimalString
FNDA:2,FrensMetaHelper.getEthDecimalString
DA:40,4
DA:41,4
DA:42,4
DA:43,4
BRDA:43,1,0,4
BRDA:43,1,1,4
DA:44,4
BRDA:44,2,0,4
BRDA:44,2,1,4
DA:45,4
BRDA:45,3,0,4
BRDA:45,3,1,4
DA:46,4
FN:49,FrensMetaHelper.getOperatorsForPool
FNDA:1,FrensMetaHelper.getOperatorsForPool
DA:50,1
DA:51,1
DA:52,1
DA:53,1
DA:54,0
FN:57,FrensMetaHelper._iToHex
FNDA:1,FrensMetaHelper._iToHex
DA:59,1
DA:60,1
DA:61,1
DA:62,0
DA:63,0
DA:65,1
FN:68,FrensMetaHelper.getEns
FNDA:1,FrensMetaHelper.getEns
DA:69,1
DA:70,1
DA:71,1
DA:72,1
BRDA:72,4,0,1
BRDA:72,4,1,-
DA:73,0
DA:74,0
FN:77,FrensMetaHelper._node
FNDA:1,FrensMetaHelper._node
DA:78,1
DA:79,1
FN:82,FrensMetaHelper.sha3HexAddress
FNDA:1,FrensMetaHelper.sha3HexAddress
DA:97,1
FNF:8
FNH:8
LF:37
LH:32
BRF:10
BRH:8
end_of_record
TN:
SF:contracts/FrensPoolSetter.sol
FN:12,FrensPoolSetter.create
FNDA:6,FrensPoolSetter.create
DA:13,6
DA:14,6
BRDA:14,0,0,1
BRDA:14,0,1,5
DA:15,5
DA:16,5
DA:17,5
DA:18,5
DA:19,5
DA:20,5
FN:23,FrensPoolSetter.depositToPool
FNDA:5026,FrensPoolSetter.depositToPool
DA:24,5026
DA:25,5026
DA:26,5026
DA:27,5026
DA:28,5026
DA:29,5026
DA:30,5026
FN:33,FrensPoolSetter.addToDeposit
FNDA:705,FrensPoolSetter.addToDeposit
DA:34,705
DA:35,705
DA:36,705
FN:39,FrensPoolSetter.setPubKey
FNDA:1753,FrensPoolSetter.setPubKey
DA:45,1753
DA:46,1753
DA:47,1753
DA:48,1753
DA:49,1753
DA:50,1753
FN:53,FrensPoolSetter.withdraw
FNDA:148,FrensPoolSetter.withdraw
DA:54,148
DA:55,148
DA:56,148
FN:59,FrensPoolSetter.distribute
FNDA:1514,FrensPoolSetter.distribute
DA:60,1514
DA:61,1514
FN:64,FrensPoolSetter.setArt
FNDA:0,FrensPoolSetter.setArt
DA:65,0
DA:66,0
FNF:7
FNH:6
LF:31
LH:29
BRF:2
BRH:2
end_of_record
TN:
SF:contracts/FrensPoolShare.sol
FN:20,FrensPoolShare.mint
FNDA:5027,FrensPoolShare.mint
DA:21,5026
DA:22,5026
FN:25,FrensPoolShare.exists
FNDA:1712,FrensPoolShare.exists
DA:26,1712
FN:29,FrensPoolShare.getPoolById
FNDA:255,FrensPoolShare.getPoolById
DA:30,256
FN:33,FrensPoolShare.tokenURI
FNDA:1,FrensPoolShare.tokenURI
DA:34,1
DA:35,1
FN:38,FrensPoolShare.renderTokenById
FNDA:1,FrensPoolShare.renderTokenById
DA:39,1
DA:40,1
DA:41,1
DA:42,1
BRDA:42,0,0,1
BRDA:42,0,1,-
DA:43,1
DA:45,0
DA:47,1
FNF:5
FNH:5
LF:13
LH:12
BRF:2
BRH:1
end_of_record
TN:
SF:contracts/FrensPoolShareTokenURI.sol
FN:26,FrensPoolShareTokenURI.tokenURI
FNDA:1,FrensPoolShareTokenURI.tokenURI
DA:27,1
BRDA:27,0,0,-
BRDA:27,0,1,1
DA:28,1
DA:29,1
DA:30,1
DA:31,1
DA:32,1
DA:33,1
DA:34,1
DA:35,1
DA:36,1
DA:37,0
DA:38,0
DA:85,0
FN:88,FrensPoolShareTokenURI.generateSVGofTokenById
FNDA:0,FrensPoolShareTokenURI.generateSVGofTokenById
DA:89,0
DA:90,0
DA:91,0
BRDA:91,1,0,-
BRDA:91,1,1,-
DA:92,0
DA:94,0
DA:96,0
DA:102,0
FNF:2
FNH:1
LF:20
LH:10
BRF:4
BRH:1
end_of_record
TN:
SF:contracts/FrensStorage.sol
FN:61,FrensStorage.getGuardian
FNDA:46,FrensStorage.getGuardian
DA:62,46
FN:66,FrensStorage.setGuardian
FNDA:0,FrensStorage.setGuardian
DA:68,0
BRDA:68,0,0,-
BRDA:68,0,1,-
DA:70,0
FN:74,FrensStorage.confirmGuardian
FNDA:0,FrensStorage.confirmGuardian
DA:76,0
BRDA:76,1,0,-
BRDA:76,1,1,-
DA:78,0
DA:80,0
DA:81,0
DA:83,0
FN:87,FrensStorage.getDeployedStatus
FNDA:0,FrensStorage.getDeployedStatus
DA:88,0
FN:92,FrensStorage.setDeployedStatus
FNDA:2,FrensStorage.setDeployedStatus
DA:94,2
BRDA:94,2,0,-
BRDA:94,2,1,2
DA:96,2
FN:152,FrensStorage.getAddress
FNDA:13468,FrensStorage.getAddress
DA:153,13468
FN:157,FrensStorage.getUint
FNDA:23648,FrensStorage.getUint
DA:158,23648
FN:162,FrensStorage.getString
FNDA:6,FrensStorage.getString
DA:163,6
FN:167,FrensStorage.getBytes
FNDA:2921,FrensStorage.getBytes
DA:168,2921
FN:172,FrensStorage.getBool
FNDA:18674,FrensStorage.getBool
DA:173,18674
FN:177,FrensStorage.getInt
FNDA:0,FrensStorage.getInt
DA:178,0
FN:182,FrensStorage.getBytes32
FNDA:973,FrensStorage.getBytes32
DA:183,973
FN:187,FrensStorage.getArray
FNDA:1133,FrensStorage.getArray
DA:188,1133
FN:193,FrensStorage.setAddress
FNDA:5050,FrensStorage.setAddress
DA:194,5050
FN:198,FrensStorage.setUint
FNDA:6550,FrensStorage.setUint
DA:199,6550
FN:203,FrensStorage.setString
FNDA:24,FrensStorage.setString
DA:204,24
FN:208,FrensStorage.setBytes
FNDA:5259,FrensStorage.setBytes
DA:209,5259
FN:213,FrensStorage.setBool
FNDA:1788,FrensStorage.setBool
DA:214,1788
FN:218,FrensStorage.setInt
FNDA:0,FrensStorage.setInt
DA:219,0
FN:223,FrensStorage.setBytes32
FNDA:1753,FrensStorage.setBytes32
DA:224,1753
FN:228,FrensStorage.setArray
FNDA:0,FrensStorage.setArray
DA:229,0
FN:234,FrensStorage.deleteAddress
FNDA:2,FrensStorage.deleteAddress
DA:235,2
FN:239,FrensStorage.deleteUint
FNDA:0,FrensStorage.deleteUint
DA:240,0
FN:244,FrensStorage.deleteString
FNDA:2,FrensStorage.deleteString
DA:245,2
FN:249,FrensStorage.deleteBytes
FNDA:0,FrensStorage.deleteBytes
DA:250,0
FN:254,FrensStorage.deleteBool
FNDA:0,FrensStorage.deleteBool
DA:255,0
FN:259,FrensStorage.deleteInt
FNDA:0,FrensStorage.deleteInt
DA:260,0
FN:264,FrensStorage.deleteBytes32
FNDA:0,FrensStorage.deleteBytes32
DA:265,0
FN:269,FrensStorage.deleteArray
FNDA:0,FrensStorage.deleteArray
DA:270,0
FN:276,FrensStorage.addUint
FNDA:12976,FrensStorage.addUint
DA:277,12976
FN:282,FrensStorage.subUint
FNDA:296,FrensStorage.subUint
DA:283,296
FN:288,FrensStorage.pushUint
FNDA:5026,FrensStorage.pushUint
DA:289,5026
FNF:32
FNH:20
LF:38
LH:21
BRF:6
BRH:1
end_of_record
TN:
SF:contracts/StakingPool.sol
FN:46,StakingPool.depositToPool
FNDA:5642,StakingPool.depositToPool
DA:47,5642
BRDA:47,0,0,258
BRDA:47,0,1,5384
DA:48,5384
BRDA:48,1,0,147
BRDA:48,1,1,5237
DA:49,5237
BRDA:49,2,0,211
BRDA:49,2,1,5026
DA:50,5026
DA:51,5026
DA:52,5026
BRDA:52,3,0,-
BRDA:52,3,1,5026
DA:53,5026
DA:54,5026
FN:57,StakingPool.addToDeposit
FNDA:1203,StakingPool.addToDeposit
DA:58,1203
BRDA:58,4,0,239
BRDA:58,4,1,964
DA:59,964
BRDA:59,5,0,230
BRDA:59,5,1,734
DA:60,734
BRDA:60,6,0,1
BRDA:60,6,1,733
DA:61,733
BRDA:61,7,0,28
BRDA:61,7,1,705
DA:62,705
DA:63,705
DA:64,705
BRDA:64,8,0,-
BRDA:64,8,1,705
FN:67,StakingPool.stake
FNDA:727,StakingPool.stake
DA:74,727
BRDA:74,9,0,1
BRDA:74,9,1,-
DA:75,1
DA:76,1
BRDA:76,10,0,1
BRDA:76,10,1,-
DA:78,726
DA:85,725
FN:88,StakingPool.stake
FNDA:249,StakingPool.stake
DA:89,974
BRDA:89,11,0,1
BRDA:89,11,1,973
DA:90,973
BRDA:90,12,0,-
BRDA:90,12,1,973
DA:91,973
BRDA:91,13,0,-
BRDA:91,13,1,973
DA:92,973
DA:93,973
DA:94,973
DA:95,973
DA:96,973
DA:97,973
DA:98,973
DA:99,973
DA:100,973
FN:103,StakingPool.setPubKey
FNDA:1031,StakingPool.setPubKey
DA:110,1757
DA:112,1757
BRDA:112,14,0,3
BRDA:112,14,1,1754
DA:113,1754
BRDA:113,15,0,-
BRDA:113,15,1,1026
DA:114,1027
BRDA:114,16,0,1
BRDA:114,16,1,1026
DA:115,1026
BRDA:115,17,0,-
BRDA:115,17,1,1026
DA:116,1026
DA:118,1753
BRDA:118,18,0,-
BRDA:118,18,1,1753
DA:119,1753
DA:120,1753
DA:121,1753
BRDA:121,19,0,-
BRDA:121,19,1,1753
FN:124,StakingPool.arbitraryContractCall
FNDA:6,StakingPool.arbitraryContractCall
DA:129,6
BRDA:129,20,0,3
BRDA:129,20,1,3
DA:130,3
BRDA:130,21,0,-
BRDA:130,21,1,3
DA:131,3
DA:132,3
BRDA:132,22,0,-
BRDA:132,22,1,3
DA:133,3
DA:140,3
FN:143,StakingPool.withdraw
FNDA:373,StakingPool.withdraw
DA:144,373
BRDA:144,23,0,-
BRDA:144,23,1,373
DA:145,373
BRDA:145,24,0,-
BRDA:145,24,1,373
DA:146,373
BRDA:146,25,0,225
BRDA:146,25,1,148
DA:147,148
DA:148,148
DA:149,148
BRDA:149,26,0,-
BRDA:149,26,1,148
DA:150,148
FN:156,StakingPool.distribute
FNDA:426,StakingPool.distribute
DA:157,1542
BRDA:157,27,0,572
BRDA:157,27,1,970
DA:158,970
FN:161,StakingPool._distribute
FNDA:970,StakingPool._distribute
DA:162,970
DA:163,970
BRDA:163,28,0,213
BRDA:163,28,1,757
DA:164,757
DA:165,757
DA:166,757
DA:167,1514
DA:168,1514
DA:169,1514
DA:170,1514
DA:171,1514
DA:172,1514
BRDA:172,29,0,-
BRDA:172,29,1,1514
DA:174,757
FN:178,StakingPool.claim
FNDA:184,StakingPool.claim
DA:179,184
FN:182,StakingPool.claim
FNDA:197,StakingPool.claim
DA:183,1330
DA:184,1330
FN:187,StakingPool.distributeAndClaim
FNDA:442,StakingPool.distributeAndClaim
DA:188,442
DA:189,197
FN:192,StakingPool.distributeAndClaimAll
FNDA:674,StakingPool.distributeAndClaimAll
DA:193,674
DA:194,376
DA:195,376
DA:196,752
DA:197,752
DA:198,752
FN:202,StakingPool.exitPool
FNDA:0,StakingPool.exitPool
DA:203,0
BRDA:203,30,0,-
BRDA:203,30,1,-
DA:204,0
DA:206,0
FN:215,StakingPool._getShare
FNDA:1514,StakingPool._getShare
DA:216,1514
DA:217,1514
DA:218,1514
BRDA:218,31,0,-
BRDA:218,31,1,1514
DA:219,1514
DA:220,1514
BRDA:220,32,0,979
BRDA:220,32,1,535
DA:221,979
DA:222,535
FN:225,StakingPool.getIdsInThisPool
FNDA:0,StakingPool.getIdsInThisPool
DA:226,1133
FN:229,StakingPool.getShare
FNDA:0,StakingPool.getShare
DA:230,0
DA:231,0
FN:234,StakingPool.getDistributableShare
FNDA:2,StakingPool.getDistributableShare
DA:235,2
BRDA:235,33,0,2
BRDA:235,33,1,-
DA:236,2
DA:238,0
FN:242,StakingPool.getPubKey
FNDA:0,StakingPool.getPubKey
DA:243,0
FN:246,StakingPool.getState
FNDA:3,StakingPool.getState
DA:247,3
BRDA:247,34,0,-
BRDA:247,34,1,3
DA:248,3
BRDA:248,35,0,-
BRDA:248,35,1,3
DA:249,3
BRDA:249,36,0,3
BRDA:249,36,1,-
DA:250,0
BRDA:250,37,0,-
BRDA:250,37,1,-
DA:251,0
FN:254,StakingPool.getDepositAmount
FNDA:2088,StakingPool.getDepositAmount
DA:255,2088
FN:258,StakingPool.getTotalDeposits
FNDA:621,StakingPool.getTotalDeposits
DA:259,621
FN:262,StakingPool.owner
FNDA:3,StakingPool.owner
DA:263,736
FN:266,StakingPool._toWithdrawalCred
FNDA:1757,StakingPool._toWithdrawalCred
DA:267,1757
DA:268,1757
DA:269,1757
FN:274,StakingPool.setArt
FNDA:0,StakingPool.setArt
DA:275,0
DA:276,0
DA:277,0
BRDA:277,38,0,-
BRDA:277,38,1,-
DA:278,0
DA:279,0
DA:280,0
BRDA:280,39,0,-
BRDA:280,39,1,-
FN:286,StakingPool.
FNDA:0,StakingPool.
FNF:26
FNH:20
LF:114
LH:99
BRF:80
BRH:51
end_of_record
TN:
SF:contracts/StakingPoolFactory.sol
FN:21,StakingPoolFactory.create
FNDA:6,StakingPoolFactory.create
DA:28,6
DA:30,6
DA:31,6
DA:32,5
BRDA:32,0,0,-
BRDA:32,0,1,5
DA:33,5
DA:34,5
FNF:1
FNH:1
LF:6
LH:6
BRF:2
BRH:1
end_of_record
TN:
SF:contracts/ToColor.sol
FN:7,ToColor.toColor
FNDA:0,ToColor.toColor
DA:8,0
DA:9,0
DA:10,0
DA:11,0
DA:13,0
FNF:1
FNH:0
LF:5
LH:0
BRF:0
BRH:0
end_of_record
TN:
SF:test/foundry/DistributeRe-entrancyTest.t.sol
FN:100,StakingPoolTest.setUp
FNDA:0,StakingPoolTest.setUp
DA:102,0
DA:104,0
DA:106,0
DA:108,0
DA:111,0
DA:112,0
DA:113,0
DA:115,0
DA:117,0
DA:119,0
DA:121,0
DA:123,0
DA:124,0
DA:126,0
DA:128,0
DA:129,0
DA:131,0
DA:133,0
DA:134,0
DA:136,0
DA:138,0
DA:139,0
DA:141,0
DA:142,0
DA:144,0
DA:146,0
DA:147,0
DA:149,0
DA:151,0
DA:152,0
DA:155,0
DA:156,0
DA:159,0
DA:161,0
DA:166,0
DA:168,0
FN:33,Attacker.depositToPool
FNDA:0,Attacker.depositToPool
DA:34,0
DA:35,0
FN:38,Attacker.payMe
FNDA:0,Attacker.payMe
DA:39,0
FN:42,Attacker.onERC721Received
FNDA:0,Attacker.onERC721Received
DA:49,0
BRDA:49,0,0,-
BRDA:49,0,1,-
DA:50,0
BRDA:50,1,0,-
BRDA:50,1,1,-
DA:51,0
BRDA:51,2,0,-
BRDA:51,2,1,-
DA:52,0
FNF:4
FNH:0
LF:43
LH:0
BRF:6
BRH:0
end_of_record
TN:
SF:test/foundry/TestHelper.sol
FN:22,NftReceiver.onERC721Received
FNDA:1,NftReceiver.onERC721Received
DA:29,1
BRDA:29,0,0,1
BRDA:29,0,1,-
DA:30,0
BRDA:30,1,0,-
BRDA:30,1,1,-
DA:31,0
BRDA:31,2,0,-
BRDA:31,2,1,-
DA:32,0
FN:15,BoolGetter.getBoolFromStorage
FNDA:2,BoolGetter.getBoolFromStorage
DA:16,2
FNF:2
FNH:2
LF:5
LH:2
BRF:6
BRH:1
end_of_record
